Using pre-set license
Built from '2020.3/staging' branch; Version is '2020.3.5f1 (8095aa901b9b) revision 8426922'; Using compiler version '192528614'; Build Type 'Release'
OS: 'Windows 10 Home; OS build 19043.985; Version 2009; 64bit' Language: 'ko' Physical Memory: 32707 MB
BatchMode: 1, IsHumanControllingUs: 0, StartBugReporterOnCrash: 0, Is64bit: 1, IsPro: 0

 COMMAND LINE ARGUMENTS:
C:\Program Files\Unity\Hub\Editor\2020.3.5f1\Editor\Unity.exe
-adb2
-batchMode
-noUpm
-name
AssetImportWorker1
-projectPath
D:/Unity_LAB/Github/BubbleBubble
-logFile
Logs/AssetImportWorker1.log
-srvPort
50911
Successfully changed project path to: D:/Unity_LAB/Github/BubbleBubble
D:/Unity_LAB/Github/BubbleBubble
Using Asset Import Pipeline V2.
Refreshing native plugins compatible for Editor in 44.67 ms, found 1 plugins.
Preloading 0 native plugins for Editor in 0.00 ms.
Initialize engine version: 2020.3.5f1 (8095aa901b9b)
[Subsystems] Discovering subsystems at path C:/Program Files/Unity/Hub/Editor/2020.3.5f1/Editor/Data/Resources/UnitySubsystems
[Subsystems] Discovering subsystems at path D:/Unity_LAB/Github/BubbleBubble/Assets
GfxDevice: creating device client; threaded=0
Direct3D:
    Version:  Direct3D 11.0 [level 11.1]
    Renderer: NVIDIA Quadro M2000 (ID=0x1430)
    Vendor:   
    VRAM:     4044 MB
    Driver:   27.21.14.6089
Initialize mono
Mono path[0] = 'C:/Program Files/Unity/Hub/Editor/2020.3.5f1/Editor/Data/Managed'
Mono path[1] = 'C:/Program Files/Unity/Hub/Editor/2020.3.5f1/Editor/Data/MonoBleedingEdge/lib/mono/unityjit'
Mono config path = 'C:/Program Files/Unity/Hub/Editor/2020.3.5f1/Editor/Data/MonoBleedingEdge/etc'
Using monoOptions --debugger-agent=transport=dt_socket,embedding=1,server=y,suspend=n,address=127.0.0.1:56824
Begin MonoManager ReloadAssembly
Registering precompiled unity dll's ...
Register platform support module: C:/Program Files/Unity/Hub/Editor/2020.3.5f1/Editor/Data/PlaybackEngines/WebGLSupport/UnityEditor.WebGL.Extensions.dll
Register platform support module: C:/Program Files/Unity/Hub/Editor/2020.3.5f1/Editor/Data/PlaybackEngines/WindowsStandaloneSupport/UnityEditor.WindowsStandalone.Extensions.dll
Registered in 0.005591 seconds.
Native extension for WindowsStandalone target not found
Native extension for WebGL target not found
Refreshing native plugins compatible for Editor in 32.85 ms, found 1 plugins.
Preloading 0 native plugins for Editor in 0.00 ms.
Mono: successfully reloaded assembly
- Completed reload, in  3.295 seconds
Platform modules already initialized, skipping
Registering precompiled user dll's ...
Registered in 0.001071 seconds.
Begin MonoManager ReloadAssembly
Native extension for WindowsStandalone target not found
Native extension for WebGL target not found
Refreshing native plugins compatible for Editor in 32.47 ms, found 1 plugins.
Preloading 0 native plugins for Editor in 0.00 ms.
Mono: successfully reloaded assembly
- Completed reload, in  1.055 seconds
Platform modules already initialized, skipping
========================================================================
Worker process is ready to serve import requests
Launched and connected shader compiler UnityShaderCompiler.exe after 0.12 seconds
Refreshing native plugins compatible for Editor in 0.33 ms, found 1 plugins.
Preloading 0 native plugins for Editor in 0.00 ms.
Unloading 1827 Unused Serialized files (Serialized files now loaded: 0)
System memory in use before: 87.9 MB.
System memory in use after: 88.0 MB.

Unloading 19 unused Assets to reduce memory usage. Loaded Objects now: 2275.
Total: 1.870800 ms (FindLiveObjects: 0.224100 ms CreateObjectMapping: 0.067600 ms MarkObjects: 1.489700 ms  DeleteObjects: 0.088300 ms)

========================================================================
Received Import Request.
  path: Assets/Player.cs
  artifactKey: Guid(d6e8adef67ce25a4782c01fcf79ea222) Importer(815301076,1909f56bfc062723c751e8b465ee728b)
Start importing Assets/Player.cs using Guid(d6e8adef67ce25a4782c01fcf79ea222) Importer(815301076,1909f56bfc062723c751e8b465ee728b)  -> (artifact id: '615724cb9827462af593044b1b469be2') in 0.042797 seconds
  Import took 0.045828 seconds .

========================================================================
Received Import Request.
  Time since last request: 442.080160 seconds.
  path: Assets/Player.cs
  artifactKey: Guid(d6e8adef67ce25a4782c01fcf79ea222) Importer(815301076,1909f56bfc062723c751e8b465ee728b)
Start importing Assets/Player.cs using Guid(d6e8adef67ce25a4782c01fcf79ea222) Importer(815301076,1909f56bfc062723c751e8b465ee728b)  -> (artifact id: '7ad116cb3d00266c237f142e870cf0e7') in 0.064355 seconds
  Import took 0.068022 seconds .

========================================================================
Received Import Request.
  Time since last request: 674.062636 seconds.
  path: Assets/Player.cs
  artifactKey: Guid(d6e8adef67ce25a4782c01fcf79ea222) Importer(815301076,1909f56bfc062723c751e8b465ee728b)
Start importing Assets/Player.cs using Guid(d6e8adef67ce25a4782c01fcf79ea222) Importer(815301076,1909f56bfc062723c751e8b465ee728b)  -> (artifact id: '31e19dc73d60bdc94d1283b3b7a00eaa') in 0.005847 seconds
  Import took 0.009062 seconds .

========================================================================
Received Import Request.
  Time since last request: 1169.377481 seconds.
  path: Assets/Player.cs
  artifactKey: Guid(d6e8adef67ce25a4782c01fcf79ea222) Importer(815301076,1909f56bfc062723c751e8b465ee728b)
Start importing Assets/Player.cs using Guid(d6e8adef67ce25a4782c01fcf79ea222) Importer(815301076,1909f56bfc062723c751e8b465ee728b)  -> (artifact id: '0473a562cdc63e00881d0bdf69a20ca7') in 0.004436 seconds
  Import took 0.007804 seconds .

========================================================================
Received Import Request.
  Time since last request: 13.654489 seconds.
  path: Assets/Player.cs
  artifactKey: Guid(d6e8adef67ce25a4782c01fcf79ea222) Importer(815301076,1909f56bfc062723c751e8b465ee728b)
Start importing Assets/Player.cs using Guid(d6e8adef67ce25a4782c01fcf79ea222) Importer(815301076,1909f56bfc062723c751e8b465ee728b)  -> (artifact id: 'e7610b5d80068e1e4b71f2414d618b2b') in 0.009785 seconds
  Import took 0.014028 seconds .

